{"contracts/exchange/Exchange.sol":{"l":{"24":2,"32":1,"40":5,"41":5,"49":8,"55":1,"61":8,"67":7,"76":69},"path":"/Users/idee/Documents/code/wyvern-v3/contracts/exchange/Exchange.sol","s":{"1":2,"2":1,"3":5,"4":5,"5":8,"6":1,"7":8,"8":7,"9":69},"b":{},"f":{"1":2,"2":1,"3":5,"4":8,"5":1,"6":8,"7":7,"8":69},"fnMap":{"1":{"name":"hashOrder_","line":19,"loc":{"start":{"line":19,"column":4},"end":{"line":25,"column":4}}},"2":{"name":"hashToSign_","line":27,"loc":{"start":{"line":27,"column":4},"end":{"line":33,"column":4}}},"3":{"name":"validateOrderParameters_","line":35,"loc":{"start":{"line":35,"column":4},"end":{"line":42,"column":4}}},"4":{"name":"validateOrderAuthorization_","line":44,"loc":{"start":{"line":44,"column":4},"end":{"line":50,"column":4}}},"5":{"name":"approveOrderHash_","line":52,"loc":{"start":{"line":52,"column":4},"end":{"line":56,"column":4}}},"6":{"name":"approveOrder_","line":58,"loc":{"start":{"line":58,"column":4},"end":{"line":62,"column":4}}},"7":{"name":"setOrderFill_","line":64,"loc":{"start":{"line":64,"column":4},"end":{"line":68,"column":4}}},"8":{"name":"atomicMatch_","line":70,"loc":{"start":{"line":70,"column":4},"end":{"line":84,"column":4}}}},"statementMap":{"1":{"start":{"line":24,"column":8},"end":{"line":24,"column":143}},"2":{"start":{"line":32,"column":8},"end":{"line":32,"column":36}},"3":{"start":{"line":40,"column":8},"end":{"line":40,"column":146}},"4":{"start":{"line":41,"column":8},"end":{"line":41,"column":63}},"5":{"start":{"line":49,"column":8},"end":{"line":49,"column":65}},"6":{"start":{"line":55,"column":8},"end":{"line":55,"column":37}},"7":{"start":{"line":61,"column":8},"end":{"line":61,"column":173}},"8":{"start":{"line":67,"column":8},"end":{"line":67,"column":39}},"9":{"start":{"line":76,"column":8},"end":{"line":76,"column":2554}}},"branchMap":{}},"contracts/exchange/ExchangeCore.sol":{"l":{"95":145,"115":89,"127":320,"128":320,"131":320,"140":136,"141":2,"145":134,"146":7,"150":127,"151":1,"154":126,"163":127,"164":8,"170":119,"171":30,"175":89,"176":1,"180":88,"183":88,"186":88,"187":2,"188":1,"190":1,"194":86,"196":86,"198":4,"199":3,"204":76,"206":7,"215":90,"216":90,"217":90,"218":90,"226":90,"234":106,"237":105,"240":104,"243":104,"246":104,"249":104,"252":104,"261":8,"266":7,"275":8,"278":7,"281":7,"284":6,"293":7,"298":6,"301":6,"311":68,"314":68,"317":63,"320":63,"323":62,"325":61,"327":61,"330":61,"333":58,"340":55,"342":2,"343":2,"348":55,"351":51,"356":46,"359":46,"362":46,"365":44,"370":40,"371":29,"372":28,"377":40,"378":30,"379":29,"386":40},"path":"/Users/idee/Documents/code/wyvern-v3/contracts/exchange/ExchangeCore.sol","s":{"1":145,"2":89,"3":320,"4":320,"5":136,"6":2,"7":134,"8":7,"9":127,"10":1,"11":126,"12":127,"13":8,"14":119,"15":30,"16":89,"17":1,"18":88,"19":88,"20":88,"21":2,"22":1,"23":1,"24":86,"25":86,"26":4,"27":3,"28":82,"29":76,"30":7,"31":90,"32":90,"33":90,"34":90,"35":90,"36":106,"37":105,"38":104,"39":104,"40":104,"41":104,"42":104,"43":8,"44":8,"45":7,"46":7,"47":6,"48":7,"49":6,"50":68,"51":68,"52":63,"53":63,"54":62,"55":61,"56":61,"57":58,"58":55,"59":2,"60":2,"61":55,"62":51,"63":46,"64":46,"65":46,"66":44,"67":40,"68":29,"69":40,"70":30,"71":40},"b":{"1":[2,134],"2":[1,1],"3":[7,127],"4":[1,126],"5":[8,119],"6":[30,89],"7":[1,88],"8":[2,86],"9":[1,1],"10":[4,82],"11":[3,1],"12":[76,6],"13":[105,1],"14":[104,1],"15":[104,0],"16":[104,0],"17":[7,1],"18":[7,1],"19":[6,1],"20":[68,1],"21":[63,5],"22":[62,1],"23":[61,1],"24":[58,3],"25":[55,3],"26":[2,53],"27":[2,0],"28":[51,4],"29":[46,5],"30":[29,11],"31":[28,1],"32":[30,10],"33":[29,1]},"f":{"1":145,"2":89,"3":320,"4":136,"5":127,"6":90,"7":90,"8":106,"9":8,"10":8,"11":7,"12":68},"fnMap":{"1":{"name":"hashOrder","line":89,"loc":{"start":{"line":89,"column":4},"end":{"line":107,"column":4}}},"2":{"name":"hashToSign","line":109,"loc":{"start":{"line":109,"column":4},"end":{"line":120,"column":4}}},"3":{"name":"exists","line":122,"loc":{"start":{"line":122,"column":4},"end":{"line":132,"column":4}}},"4":{"name":"validateOrderParameters","line":134,"loc":{"start":{"line":134,"column":4},"end":{"line":155,"column":4}}},"5":{"name":"validateOrderAuthorization","line":157,"loc":{"start":{"line":157,"column":4},"end":{"line":207,"column":4}}},"6":{"name":"encodeStaticCall","line":209,"loc":{"start":{"line":209,"column":4},"end":{"line":219,"column":4}}},"7":{"name":"executeStaticCall","line":221,"loc":{"start":{"line":221,"column":4},"end":{"line":227,"column":4}}},"8":{"name":"executeCall","line":229,"loc":{"start":{"line":229,"column":4},"end":{"line":253,"column":4}}},"9":{"name":"approveOrderHash","line":255,"loc":{"start":{"line":255,"column":4},"end":{"line":267,"column":4}}},"10":{"name":"approveOrder","line":269,"loc":{"start":{"line":269,"column":4},"end":{"line":285,"column":4}}},"11":{"name":"setOrderFill","line":287,"loc":{"start":{"line":287,"column":4},"end":{"line":302,"column":4}}},"12":{"name":"atomicMatch","line":306,"loc":{"start":{"line":304,"column":4},"end":{"line":387,"column":4}}}},"statementMap":{"1":{"start":{"line":95,"column":8},"end":{"line":95,"column":3095}},"2":{"start":{"line":115,"column":8},"end":{"line":115,"column":3626}},"3":{"start":{"line":127,"column":8},"end":{"line":127,"column":17}},"4":{"start":{"line":131,"column":8},"end":{"line":131,"column":23}},"5":{"start":{"line":140,"column":8},"end":{"line":140,"column":4158}},"6":{"start":{"line":141,"column":12},"end":{"line":141,"column":24}},"7":{"start":{"line":145,"column":8},"end":{"line":145,"column":4386}},"8":{"start":{"line":146,"column":12},"end":{"line":146,"column":24}},"9":{"start":{"line":150,"column":8},"end":{"line":150,"column":4530}},"10":{"start":{"line":151,"column":12},"end":{"line":151,"column":24}},"11":{"start":{"line":154,"column":8},"end":{"line":154,"column":19}},"12":{"start":{"line":163,"column":8},"end":{"line":163,"column":4902}},"13":{"start":{"line":164,"column":12},"end":{"line":164,"column":23}},"14":{"start":{"line":170,"column":8},"end":{"line":170,"column":5068}},"15":{"start":{"line":171,"column":12},"end":{"line":171,"column":23}},"16":{"start":{"line":175,"column":8},"end":{"line":175,"column":5178}},"17":{"start":{"line":176,"column":12},"end":{"line":176,"column":23}},"18":{"start":{"line":180,"column":8},"end":{"line":180,"column":55}},"19":{"start":{"line":183,"column":8},"end":{"line":183,"column":39}},"20":{"start":{"line":186,"column":8},"end":{"line":186,"column":5530}},"21":{"start":{"line":187,"column":12},"end":{"line":187,"column":5564}},"22":{"start":{"line":188,"column":16},"end":{"line":188,"column":27}},"23":{"start":{"line":190,"column":12},"end":{"line":190,"column":24}},"24":{"start":{"line":194,"column":8},"end":{"line":194,"column":90}},"25":{"start":{"line":196,"column":8},"end":{"line":196,"column":5907}},"26":{"start":{"line":198,"column":12},"end":{"line":198,"column":6103}},"27":{"start":{"line":199,"column":16},"end":{"line":199,"column":27}},"28":{"start":{"line":203,"column":13},"end":{"line":203,"column":6354}},"29":{"start":{"line":204,"column":12},"end":{"line":204,"column":23}},"30":{"start":{"line":206,"column":8},"end":{"line":206,"column":20}},"31":{"start":{"line":215,"column":8},"end":{"line":215,"column":152}},"32":{"start":{"line":216,"column":8},"end":{"line":216,"column":99}},"33":{"start":{"line":217,"column":8},"end":{"line":217,"column":130}},"34":{"start":{"line":218,"column":8},"end":{"line":218,"column":141}},"35":{"start":{"line":226,"column":8},"end":{"line":226,"column":129}},"36":{"start":{"line":234,"column":8},"end":{"line":234,"column":45}},"37":{"start":{"line":237,"column":8},"end":{"line":237,"column":65}},"38":{"start":{"line":240,"column":8},"end":{"line":240,"column":68}},"39":{"start":{"line":243,"column":8},"end":{"line":243,"column":99}},"40":{"start":{"line":246,"column":8},"end":{"line":246,"column":141}},"41":{"start":{"line":249,"column":8},"end":{"line":249,"column":77}},"42":{"start":{"line":252,"column":8},"end":{"line":252,"column":66}},"43":{"start":{"line":261,"column":8},"end":{"line":261,"column":78}},"44":{"start":{"line":275,"column":8},"end":{"line":275,"column":119}},"45":{"start":{"line":278,"column":8},"end":{"line":278,"column":39}},"46":{"start":{"line":281,"column":8},"end":{"line":281,"column":29}},"47":{"start":{"line":284,"column":8},"end":{"line":284,"column":225}},"48":{"start":{"line":293,"column":8},"end":{"line":293,"column":91}},"49":{"start":{"line":301,"column":8},"end":{"line":301,"column":53}},"50":{"start":{"line":311,"column":8},"end":{"line":311,"column":49}},"51":{"start":{"line":314,"column":8},"end":{"line":314,"column":100}},"52":{"start":{"line":317,"column":8},"end":{"line":317,"column":51}},"53":{"start":{"line":320,"column":8},"end":{"line":320,"column":103}},"54":{"start":{"line":323,"column":8},"end":{"line":323,"column":77}},"55":{"start":{"line":327,"column":12},"end":{"line":327,"column":112}},"56":{"start":{"line":330,"column":12},"end":{"line":330,"column":127}},"57":{"start":{"line":333,"column":12},"end":{"line":333,"column":131}},"58":{"start":{"line":340,"column":8},"end":{"line":340,"column":11859}},"59":{"start":{"line":342,"column":12},"end":{"line":342,"column":91}},"60":{"start":{"line":343,"column":12},"end":{"line":343,"column":60}},"61":{"start":{"line":348,"column":8},"end":{"line":348,"column":122}},"62":{"start":{"line":351,"column":8},"end":{"line":351,"column":126}},"63":{"start":{"line":356,"column":8},"end":{"line":356,"column":67}},"64":{"start":{"line":359,"column":8},"end":{"line":359,"column":70}},"65":{"start":{"line":362,"column":8},"end":{"line":362,"column":132}},"66":{"start":{"line":365,"column":8},"end":{"line":365,"column":132}},"67":{"start":{"line":370,"column":8},"end":{"line":370,"column":13519}},"68":{"start":{"line":371,"column":12},"end":{"line":371,"column":13573}},"69":{"start":{"line":377,"column":8},"end":{"line":377,"column":13758}},"70":{"start":{"line":378,"column":12},"end":{"line":378,"column":13813}},"71":{"start":{"line":386,"column":8},"end":{"line":386,"column":119}}},"branchMap":{"1":{"line":140,"type":"if","locations":[{"start":{"line":140,"column":8},"end":{"line":140,"column":8}},{"start":{"line":140,"column":8},"end":{"line":140,"column":8}}]},"2":{"line":140,"type":"cond-expr","locations":[{"start":{"line":140,"column":12},"end":{"line":140,"column":46}},{"start":{"line":140,"column":51},"end":{"line":140,"column":120}}]},"3":{"line":145,"type":"if","locations":[{"start":{"line":145,"column":8},"end":{"line":145,"column":8}},{"start":{"line":145,"column":8},"end":{"line":145,"column":8}}]},"4":{"line":150,"type":"if","locations":[{"start":{"line":150,"column":8},"end":{"line":150,"column":8}},{"start":{"line":150,"column":8},"end":{"line":150,"column":8}}]},"5":{"line":163,"type":"if","locations":[{"start":{"line":163,"column":8},"end":{"line":163,"column":8}},{"start":{"line":163,"column":8},"end":{"line":163,"column":8}}]},"6":{"line":170,"type":"if","locations":[{"start":{"line":170,"column":8},"end":{"line":170,"column":8}},{"start":{"line":170,"column":8},"end":{"line":170,"column":8}}]},"7":{"line":175,"type":"if","locations":[{"start":{"line":175,"column":8},"end":{"line":175,"column":8}},{"start":{"line":175,"column":8},"end":{"line":175,"column":8}}]},"8":{"line":186,"type":"if","locations":[{"start":{"line":186,"column":8},"end":{"line":186,"column":8}},{"start":{"line":186,"column":8},"end":{"line":186,"column":8}}]},"9":{"line":187,"type":"if","locations":[{"start":{"line":187,"column":12},"end":{"line":187,"column":12}},{"start":{"line":187,"column":12},"end":{"line":187,"column":12}}]},"10":{"line":196,"type":"if","locations":[{"start":{"line":196,"column":8},"end":{"line":196,"column":8}},{"start":{"line":196,"column":8},"end":{"line":196,"column":8}}]},"11":{"line":198,"type":"if","locations":[{"start":{"line":198,"column":12},"end":{"line":198,"column":12}},{"start":{"line":198,"column":12},"end":{"line":198,"column":12}}]},"12":{"line":203,"type":"if","locations":[{"start":{"line":203,"column":13},"end":{"line":203,"column":13}},{"start":{"line":203,"column":13},"end":{"line":203,"column":13}}]},"13":{"line":234,"type":"if","locations":[{"start":{"line":234,"column":8},"end":{"line":234,"column":8}},{"start":{"line":234,"column":8},"end":{"line":234,"column":8}}]},"14":{"line":237,"type":"if","locations":[{"start":{"line":237,"column":8},"end":{"line":237,"column":8}},{"start":{"line":237,"column":8},"end":{"line":237,"column":8}}]},"15":{"line":243,"type":"if","locations":[{"start":{"line":243,"column":8},"end":{"line":243,"column":8}},{"start":{"line":243,"column":8},"end":{"line":243,"column":8}}]},"16":{"line":246,"type":"if","locations":[{"start":{"line":246,"column":8},"end":{"line":246,"column":8}},{"start":{"line":246,"column":8},"end":{"line":246,"column":8}}]},"17":{"line":261,"type":"if","locations":[{"start":{"line":261,"column":8},"end":{"line":261,"column":8}},{"start":{"line":261,"column":8},"end":{"line":261,"column":8}}]},"18":{"line":275,"type":"if","locations":[{"start":{"line":275,"column":8},"end":{"line":275,"column":8}},{"start":{"line":275,"column":8},"end":{"line":275,"column":8}}]},"19":{"line":293,"type":"if","locations":[{"start":{"line":293,"column":8},"end":{"line":293,"column":8}},{"start":{"line":293,"column":8},"end":{"line":293,"column":8}}]},"20":{"line":306,"type":"if","locations":[{"start":{"line":306,"column":8},"end":{"line":306,"column":8}},{"start":{"line":306,"column":8},"end":{"line":306,"column":8}}]},"21":{"line":314,"type":"if","locations":[{"start":{"line":314,"column":8},"end":{"line":314,"column":8}},{"start":{"line":314,"column":8},"end":{"line":314,"column":8}}]},"22":{"line":320,"type":"if","locations":[{"start":{"line":320,"column":8},"end":{"line":320,"column":8}},{"start":{"line":320,"column":8},"end":{"line":320,"column":8}}]},"23":{"line":323,"type":"if","locations":[{"start":{"line":323,"column":8},"end":{"line":323,"column":8}},{"start":{"line":323,"column":8},"end":{"line":323,"column":8}}]},"24":{"line":330,"type":"if","locations":[{"start":{"line":330,"column":12},"end":{"line":330,"column":12}},{"start":{"line":330,"column":12},"end":{"line":330,"column":12}}]},"25":{"line":333,"type":"if","locations":[{"start":{"line":333,"column":12},"end":{"line":333,"column":12}},{"start":{"line":333,"column":12},"end":{"line":333,"column":12}}]},"26":{"line":340,"type":"if","locations":[{"start":{"line":340,"column":8},"end":{"line":340,"column":8}},{"start":{"line":340,"column":8},"end":{"line":340,"column":8}}]},"27":{"line":343,"type":"if","locations":[{"start":{"line":343,"column":12},"end":{"line":343,"column":12}},{"start":{"line":343,"column":12},"end":{"line":343,"column":12}}]},"28":{"line":348,"type":"if","locations":[{"start":{"line":348,"column":8},"end":{"line":348,"column":8}},{"start":{"line":348,"column":8},"end":{"line":348,"column":8}}]},"29":{"line":351,"type":"if","locations":[{"start":{"line":351,"column":8},"end":{"line":351,"column":8}},{"start":{"line":351,"column":8},"end":{"line":351,"column":8}}]},"30":{"line":370,"type":"if","locations":[{"start":{"line":370,"column":8},"end":{"line":370,"column":8}},{"start":{"line":370,"column":8},"end":{"line":370,"column":8}}]},"31":{"line":371,"type":"if","locations":[{"start":{"line":371,"column":12},"end":{"line":371,"column":12}},{"start":{"line":371,"column":12},"end":{"line":371,"column":12}}]},"32":{"line":377,"type":"if","locations":[{"start":{"line":377,"column":8},"end":{"line":377,"column":8}},{"start":{"line":377,"column":8},"end":{"line":377,"column":8}}]},"33":{"line":378,"type":"if","locations":[{"start":{"line":378,"column":12},"end":{"line":378,"column":12}},{"start":{"line":378,"column":12},"end":{"line":378,"column":12}}]}}},"contracts/lib/EIP1271.sol":{"l":{},"path":"/Users/idee/Documents/code/wyvern-v3/contracts/lib/EIP1271.sol","s":{},"b":{},"f":{},"fnMap":{},"statementMap":{},"branchMap":{}},"contracts/lib/EIP712.sol":{"l":{"33":5},"path":"/Users/idee/Documents/code/wyvern-v3/contracts/lib/EIP712.sol","s":{"1":5},"b":{},"f":{"1":5},"fnMap":{"1":{"name":"hash","line":28,"loc":{"start":{"line":28,"column":4},"end":{"line":40,"column":4}}}},"statementMap":{"1":{"start":{"line":33,"column":8},"end":{"line":33,"column":592}}},"branchMap":{}},"contracts/lib/ReentrancyGuarded.sol":{"l":{"19":69,"20":68,"21":68,"22":40},"path":"/Users/idee/Documents/code/wyvern-v3/contracts/lib/ReentrancyGuarded.sol","s":{"1":69},"b":{"1":[68,1]},"f":{"1":69},"fnMap":{"1":{"name":"reentrancyGuard","line":18,"loc":{"start":{"line":18,"column":4},"end":{"line":23,"column":4}}}},"statementMap":{"1":{"start":{"line":19,"column":8},"end":{"line":19,"column":54}}},"branchMap":{"1":{"line":19,"type":"if","locations":[{"start":{"line":19,"column":8},"end":{"line":19,"column":8}},{"start":{"line":19,"column":8},"end":{"line":19,"column":8}}]}}},"contracts/lib/StaticCaller.sol":{"l":{"20":26,"23":26,"31":90,"32":90,"38":90,"39":84},"path":"/Users/idee/Documents/code/wyvern-v3/contracts/lib/StaticCaller.sol","s":{"1":26,"2":90,"3":90,"4":84},"b":{"1":[84,6]},"f":{"1":26,"2":90},"fnMap":{"1":{"name":"staticCall","line":15,"loc":{"start":{"line":15,"column":4},"end":{"line":24,"column":4}}},"2":{"name":"staticCallUint","line":26,"loc":{"start":{"line":26,"column":4},"end":{"line":40,"column":4}}}},"statementMap":{"1":{"start":{"line":23,"column":8},"end":{"line":23,"column":21}},"2":{"start":{"line":31,"column":8},"end":{"line":31,"column":19}},"3":{"start":{"line":38,"column":8},"end":{"line":38,"column":44}},"4":{"start":{"line":39,"column":8},"end":{"line":39,"column":18}}},"branchMap":{"1":{"line":38,"type":"if","locations":[{"start":{"line":38,"column":8},"end":{"line":38,"column":8}},{"start":{"line":38,"column":8},"end":{"line":38,"column":8}}]}}},"contracts/Migrations.sol":{"l":{"17":0,"18":0,"23":0,"27":0,"31":0,"32":0},"path":"/Users/idee/Documents/code/wyvern-v3/contracts/Migrations.sol","s":{"1":0,"2":0,"3":0},"b":{"1":[0,0],"2":[0,0],"3":[0,0]},"f":{"1":0,"2":0,"3":0,"4":0},"fnMap":{"1":{"name":"restricted","line":16,"loc":{"start":{"line":16,"column":4},"end":{"line":20,"column":4}}},"2":{"name":"constructor","line":22,"loc":{"start":{"line":22,"column":4},"end":{"line":24,"column":4}}},"3":{"name":"setCompleted","line":26,"loc":{"start":{"line":26,"column":4},"end":{"line":28,"column":4}}},"4":{"name":"upgrade","line":30,"loc":{"start":{"line":30,"column":4},"end":{"line":33,"column":4}}}},"statementMap":{"1":{"start":{"line":17,"column":8},"end":{"line":17,"column":254}},"2":{"start":{"line":31,"column":8},"end":{"line":31,"column":53}},"3":{"start":{"line":32,"column":8},"end":{"line":32,"column":54}}},"branchMap":{"1":{"line":17,"type":"if","locations":[{"start":{"line":17,"column":8},"end":{"line":17,"column":8}},{"start":{"line":17,"column":8},"end":{"line":17,"column":8}}]},"2":{"line":26,"type":"if","locations":[{"start":{"line":26,"column":49},"end":{"line":26,"column":49}},{"start":{"line":26,"column":49},"end":{"line":26,"column":49}}]},"3":{"line":30,"type":"if","locations":[{"start":{"line":30,"column":49},"end":{"line":30,"column":49}},{"start":{"line":30,"column":49},"end":{"line":30,"column":49}}]}}},"contracts/registry/AuthenticatedProxy.sol":{"l":{"46":113,"47":112,"48":112,"49":112,"61":10,"62":9,"63":9,"79":106,"80":105,"81":105,"82":89,"84":16,"86":105,"100":2},"path":"/Users/idee/Documents/code/wyvern-v3/contracts/registry/AuthenticatedProxy.sol","s":{"1":113,"2":10,"3":9,"4":106,"5":105,"6":105,"7":16,"8":105,"9":2},"b":{"1":[112,1],"2":[9,1],"3":[105,1],"4":[1,104],"5":[89,16],"6":[16,0],"7":[1,1]},"f":{"1":113,"2":10,"3":106,"4":2},"fnMap":{"1":{"name":"initialize","line":43,"loc":{"start":{"line":43,"column":4},"end":{"line":50,"column":4}}},"2":{"name":"setRevoke","line":58,"loc":{"start":{"line":58,"column":4},"end":{"line":64,"column":4}}},"3":{"name":"proxy","line":75,"loc":{"start":{"line":75,"column":4},"end":{"line":87,"column":4}}},"4":{"name":"proxyAssert","line":97,"loc":{"start":{"line":97,"column":4},"end":{"line":101,"column":4}}}},"statementMap":{"1":{"start":{"line":46,"column":8},"end":{"line":46,"column":71}},"2":{"start":{"line":61,"column":8},"end":{"line":61,"column":89}},"3":{"start":{"line":63,"column":8},"end":{"line":63,"column":28}},"4":{"start":{"line":79,"column":8},"end":{"line":79,"column":224}},"5":{"start":{"line":80,"column":8},"end":{"line":80,"column":24}},"6":{"start":{"line":81,"column":8},"end":{"line":81,"column":2697}},"7":{"start":{"line":83,"column":15},"end":{"line":83,"column":2792}},"8":{"start":{"line":86,"column":8},"end":{"line":86,"column":21}},"9":{"start":{"line":100,"column":8},"end":{"line":100,"column":70}}},"branchMap":{"1":{"line":46,"type":"if","locations":[{"start":{"line":46,"column":8},"end":{"line":46,"column":8}},{"start":{"line":46,"column":8},"end":{"line":46,"column":8}}]},"2":{"line":61,"type":"if","locations":[{"start":{"line":61,"column":8},"end":{"line":61,"column":8}},{"start":{"line":61,"column":8},"end":{"line":61,"column":8}}]},"3":{"line":79,"type":"if","locations":[{"start":{"line":79,"column":8},"end":{"line":79,"column":8}},{"start":{"line":79,"column":8},"end":{"line":79,"column":8}}]},"4":{"line":79,"type":"cond-expr","locations":[{"start":{"line":79,"column":16},"end":{"line":79,"column":33}},{"start":{"line":79,"column":38},"end":{"line":79,"column":81}}]},"5":{"line":81,"type":"if","locations":[{"start":{"line":81,"column":8},"end":{"line":81,"column":8}},{"start":{"line":81,"column":8},"end":{"line":81,"column":8}}]},"6":{"line":83,"type":"if","locations":[{"start":{"line":83,"column":15},"end":{"line":83,"column":15}},{"start":{"line":83,"column":15},"end":{"line":83,"column":15}}]},"7":{"line":100,"type":"if","locations":[{"start":{"line":100,"column":8},"end":{"line":100,"column":8}},{"start":{"line":100,"column":8},"end":{"line":100,"column":8}}]}}},"contracts/registry/OwnableDelegateProxy.sol":{"l":{"20":105,"21":105,"22":105,"23":105},"path":"/Users/idee/Documents/code/wyvern-v3/contracts/registry/OwnableDelegateProxy.sol","s":{"1":105,"2":105,"3":105,"4":105},"b":{"1":[105,0]},"f":{"1":105},"fnMap":{"1":{"name":"constructor","line":17,"loc":{"start":{"line":17,"column":4},"end":{"line":24,"column":4}}}},"statementMap":{"1":{"start":{"line":20,"column":8},"end":{"line":20,"column":36}},"2":{"start":{"line":21,"column":8},"end":{"line":21,"column":40}},"3":{"start":{"line":22,"column":8},"end":{"line":22,"column":66}},"4":{"start":{"line":23,"column":8},"end":{"line":23,"column":69}}},"branchMap":{"1":{"line":23,"type":"if","locations":[{"start":{"line":23,"column":8},"end":{"line":23,"column":8}},{"start":{"line":23,"column":8},"end":{"line":23,"column":8}}]}}},"contracts/registry/proxy/OwnedUpgradeabilityProxy.sol":{"l":{"29":220,"37":1,"45":108,"46":107,"47":107,"54":6,"55":5,"63":8,"71":2,"72":2,"73":2,"81":3,"92":0,"93":0,"94":0},"path":"/Users/idee/Documents/code/wyvern-v3/contracts/registry/proxy/OwnedUpgradeabilityProxy.sol","s":{"1":220,"2":1,"3":108,"4":107,"5":6,"6":8,"7":2,"8":2,"9":2,"10":3,"11":0,"12":0,"13":0},"b":{"1":[107,1],"2":[5,1],"3":[2,0],"4":[2,0],"5":[3,1],"6":[0,0],"7":[0,0]},"f":{"1":220,"2":1,"3":108,"4":6,"5":8,"6":2,"7":3,"8":0},"fnMap":{"1":{"name":"implementation","line":28,"loc":{"start":{"line":28,"column":4},"end":{"line":30,"column":4}}},"2":{"name":"proxyType","line":36,"loc":{"start":{"line":36,"column":4},"end":{"line":38,"column":4}}},"3":{"name":"_upgradeTo","line":44,"loc":{"start":{"line":44,"column":4},"end":{"line":48,"column":4}}},"4":{"name":"onlyProxyOwner","line":53,"loc":{"start":{"line":53,"column":4},"end":{"line":56,"column":4}}},"5":{"name":"proxyOwner","line":62,"loc":{"start":{"line":62,"column":4},"end":{"line":64,"column":4}}},"6":{"name":"transferProxyOwnership","line":70,"loc":{"start":{"line":70,"column":4},"end":{"line":74,"column":4}}},"7":{"name":"upgradeTo","line":80,"loc":{"start":{"line":80,"column":4},"end":{"line":82,"column":4}}},"8":{"name":"upgradeToAndCall","line":91,"loc":{"start":{"line":91,"column":4},"end":{"line":95,"column":4}}}},"statementMap":{"1":{"start":{"line":29,"column":8},"end":{"line":29,"column":30}},"2":{"start":{"line":37,"column":8},"end":{"line":37,"column":16}},"3":{"start":{"line":45,"column":8},"end":{"line":45,"column":91}},"4":{"start":{"line":47,"column":8},"end":{"line":47,"column":37}},"5":{"start":{"line":54,"column":8},"end":{"line":54,"column":87}},"6":{"start":{"line":63,"column":8},"end":{"line":63,"column":36}},"7":{"start":{"line":71,"column":8},"end":{"line":71,"column":78}},"8":{"start":{"line":72,"column":8},"end":{"line":72,"column":62}},"9":{"start":{"line":73,"column":8},"end":{"line":73,"column":39}},"10":{"start":{"line":81,"column":8},"end":{"line":81,"column":33}},"11":{"start":{"line":92,"column":8},"end":{"line":92,"column":32}},"12":{"start":{"line":93,"column":8},"end":{"line":93,"column":58}},"13":{"start":{"line":94,"column":8},"end":{"line":94,"column":58}}},"branchMap":{"1":{"line":45,"type":"if","locations":[{"start":{"line":45,"column":8},"end":{"line":45,"column":8}},{"start":{"line":45,"column":8},"end":{"line":45,"column":8}}]},"2":{"line":54,"type":"if","locations":[{"start":{"line":54,"column":8},"end":{"line":54,"column":8}},{"start":{"line":54,"column":8},"end":{"line":54,"column":8}}]},"3":{"line":70,"type":"if","locations":[{"start":{"line":70,"column":61},"end":{"line":70,"column":61}},{"start":{"line":70,"column":61},"end":{"line":70,"column":61}}]},"4":{"line":71,"type":"if","locations":[{"start":{"line":71,"column":8},"end":{"line":71,"column":8}},{"start":{"line":71,"column":8},"end":{"line":71,"column":8}}]},"5":{"line":80,"type":"if","locations":[{"start":{"line":80,"column":54},"end":{"line":80,"column":54}},{"start":{"line":80,"column":54},"end":{"line":80,"column":54}}]},"6":{"line":91,"type":"if","locations":[{"start":{"line":91,"column":88},"end":{"line":91,"column":88}},{"start":{"line":91,"column":88},"end":{"line":91,"column":88}}]},"7":{"line":94,"type":"if","locations":[{"start":{"line":94,"column":8},"end":{"line":94,"column":8}},{"start":{"line":94,"column":8},"end":{"line":94,"column":8}}]}}},"contracts/registry/proxy/OwnedUpgradeabilityStorage.sol":{"l":{"20":8,"27":107},"path":"/Users/idee/Documents/code/wyvern-v3/contracts/registry/proxy/OwnedUpgradeabilityStorage.sol","s":{"1":8},"b":{},"f":{"1":8,"2":107},"fnMap":{"1":{"name":"upgradeabilityOwner","line":19,"loc":{"start":{"line":19,"column":4},"end":{"line":21,"column":4}}},"2":{"name":"setUpgradeabilityOwner","line":26,"loc":{"start":{"line":26,"column":4},"end":{"line":28,"column":4}}}},"statementMap":{"1":{"start":{"line":20,"column":8},"end":{"line":20,"column":35}}},"branchMap":{}},"contracts/registry/proxy/Proxy.sol":{"l":{"25":116,"26":116,"28":116},"path":"/Users/idee/Documents/code/wyvern-v3/contracts/registry/proxy/Proxy.sol","s":{"1":116,"2":116},"b":{"1":[116,0]},"f":{"1":116},"fnMap":{"1":{"name":null,"line":24,"loc":{"start":{"line":24,"column":4},"end":{"line":39,"column":4}}}},"statementMap":{"1":{"start":{"line":25,"column":8},"end":{"line":25,"column":40}},"2":{"start":{"line":26,"column":8},"end":{"line":26,"column":68}}},"branchMap":{"1":{"line":26,"type":"if","locations":[{"start":{"line":26,"column":8},"end":{"line":26,"column":8}},{"start":{"line":26,"column":8},"end":{"line":26,"column":8}}]}}},"contracts/registry/ProxyRegistry.sol":{"l":{"51":4,"52":3,"65":3,"66":1,"67":1,"80":1,"93":100,"106":1,"107":1,"108":1,"121":105,"122":104,"123":104,"124":104,"133":2,"136":2,"137":1,"140":1,"141":1},"path":"/Users/idee/Documents/code/wyvern-v3/contracts/registry/ProxyRegistry.sol","s":{"1":4,"2":3,"3":100,"4":1,"5":105,"6":104,"7":2,"8":2,"9":1},"b":{"1":[4,0],"2":[3,1],"3":[3,0],"4":[1,2],"5":[1,0],"6":[104,1],"7":[1,1],"8":[1,0]},"f":{"1":4,"2":3,"3":1,"4":100,"5":1,"6":105,"7":2},"fnMap":{"1":{"name":"startGrantAuthentication","line":49,"loc":{"start":{"line":47,"column":4},"end":{"line":53,"column":4}}},"2":{"name":"endGrantAuthentication","line":63,"loc":{"start":{"line":61,"column":4},"end":{"line":68,"column":4}}},"3":{"name":"revokeAuthentication","line":78,"loc":{"start":{"line":76,"column":4},"end":{"line":81,"column":4}}},"4":{"name":"registerProxy","line":89,"loc":{"start":{"line":89,"column":4},"end":{"line":94,"column":4}}},"5":{"name":"registerProxyOverride","line":102,"loc":{"start":{"line":102,"column":4},"end":{"line":109,"column":4}}},"6":{"name":"registerProxyFor","line":117,"loc":{"start":{"line":117,"column":4},"end":{"line":125,"column":4}}},"7":{"name":"transferAccessTo","line":130,"loc":{"start":{"line":130,"column":4},"end":{"line":142,"column":4}}}},"statementMap":{"1":{"start":{"line":51,"column":8},"end":{"line":51,"column":109}},"2":{"start":{"line":65,"column":8},"end":{"line":65,"column":182}},"3":{"start":{"line":93,"column":8},"end":{"line":93,"column":43}},"4":{"start":{"line":108,"column":8},"end":{"line":108,"column":20}},"5":{"start":{"line":121,"column":8},"end":{"line":121,"column":84}},"6":{"start":{"line":124,"column":8},"end":{"line":124,"column":20}},"7":{"start":{"line":133,"column":8},"end":{"line":133,"column":50}},"8":{"start":{"line":136,"column":8},"end":{"line":136,"column":107}},"9":{"start":{"line":137,"column":8},"end":{"line":137,"column":106}}},"branchMap":{"1":{"line":49,"type":"if","locations":[{"start":{"line":49,"column":8},"end":{"line":49,"column":8}},{"start":{"line":49,"column":8},"end":{"line":49,"column":8}}]},"2":{"line":51,"type":"if","locations":[{"start":{"line":51,"column":8},"end":{"line":51,"column":8}},{"start":{"line":51,"column":8},"end":{"line":51,"column":8}}]},"3":{"line":63,"type":"if","locations":[{"start":{"line":63,"column":8},"end":{"line":63,"column":8}},{"start":{"line":63,"column":8},"end":{"line":63,"column":8}}]},"4":{"line":65,"type":"if","locations":[{"start":{"line":65,"column":8},"end":{"line":65,"column":8}},{"start":{"line":65,"column":8},"end":{"line":65,"column":8}}]},"5":{"line":78,"type":"if","locations":[{"start":{"line":78,"column":8},"end":{"line":78,"column":8}},{"start":{"line":78,"column":8},"end":{"line":78,"column":8}}]},"6":{"line":121,"type":"if","locations":[{"start":{"line":121,"column":8},"end":{"line":121,"column":8}},{"start":{"line":121,"column":8},"end":{"line":121,"column":8}}]},"7":{"line":136,"type":"if","locations":[{"start":{"line":136,"column":8},"end":{"line":136,"column":8}},{"start":{"line":136,"column":8},"end":{"line":136,"column":8}}]},"8":{"line":137,"type":"if","locations":[{"start":{"line":137,"column":8},"end":{"line":137,"column":8}},{"start":{"line":137,"column":8},"end":{"line":137,"column":8}}]}}},"contracts/registry/ProxyRegistryInterface.sol":{"l":{},"path":"/Users/idee/Documents/code/wyvern-v3/contracts/registry/ProxyRegistryInterface.sol","s":{},"b":{},"f":{},"fnMap":{},"statementMap":{},"branchMap":{}},"contracts/registry/TokenRecipient.sol":{"l":{"27":2,"28":2,"29":1,"36":0},"path":"/Users/idee/Documents/code/wyvern-v3/contracts/registry/TokenRecipient.sol","s":{"1":2,"2":2,"3":1,"4":0},"b":{"1":[1,1]},"f":{"1":2,"2":0},"fnMap":{"1":{"name":"receiveApproval","line":26,"loc":{"start":{"line":26,"column":4},"end":{"line":30,"column":4}}},"2":{"name":null,"line":35,"loc":{"start":{"line":35,"column":4},"end":{"line":37,"column":4}}}},"statementMap":{"1":{"start":{"line":27,"column":8},"end":{"line":27,"column":30}},"2":{"start":{"line":28,"column":8},"end":{"line":28,"column":89}},"3":{"start":{"line":29,"column":8},"end":{"line":29,"column":58}},"4":{"start":{"line":36,"column":8},"end":{"line":36,"column":49}}},"branchMap":{"1":{"line":28,"type":"if","locations":[{"start":{"line":28,"column":8},"end":{"line":28,"column":8}},{"start":{"line":28,"column":8},"end":{"line":28,"column":8}}]}}},"contracts/StaticMarket.sol":{"l":{"31":11,"32":11,"34":11,"36":11,"37":11,"38":11,"39":11,"41":11,"45":11,"46":11,"47":11,"48":10,"49":10,"51":10,"61":10,"62":10,"64":10,"66":10,"67":10,"68":10,"69":10,"71":10,"75":10,"76":10,"77":10,"78":9,"79":8,"81":8,"91":16,"92":16,"94":16,"96":16,"97":16,"98":16,"99":16,"101":16,"105":16,"106":16,"107":16,"108":15,"109":15,"111":15,"121":3,"122":3,"124":3,"126":3,"127":3,"128":3,"130":3,"131":3,"133":2,"143":2,"144":2,"146":2,"148":2,"149":2,"150":2,"152":2,"153":1,"155":1,"163":21,"164":21,"172":53,"173":53,"180":19,"187":5,"194":52},"path":"/Users/idee/Documents/code/wyvern-v3/contracts/StaticMarket.sol","s":{"1":11,"2":11,"3":11,"4":11,"5":11,"6":11,"7":11,"8":11,"9":11,"10":11,"11":11,"12":10,"13":10,"14":10,"15":10,"16":10,"17":10,"18":10,"19":10,"20":10,"21":10,"22":10,"23":10,"24":10,"25":10,"26":9,"27":8,"28":8,"29":16,"30":16,"31":16,"32":16,"33":16,"34":16,"35":16,"36":16,"37":16,"38":16,"39":16,"40":15,"41":15,"42":15,"43":3,"44":3,"45":3,"46":3,"47":3,"48":3,"49":3,"50":3,"51":2,"52":2,"53":2,"54":2,"55":2,"56":2,"57":2,"58":2,"59":1,"60":1,"61":21,"62":21,"63":53,"64":53,"65":19,"66":5,"67":52},"b":{"1":[11,0],"2":[11,0],"3":[11,0],"4":[11,0],"5":[11,0],"6":[11,0],"7":[11,0],"8":[10,1],"9":[10,0],"10":[10,0],"11":[10,0],"12":[10,0],"13":[10,0],"14":[10,0],"15":[10,0],"16":[9,1],"17":[16,0],"18":[16,0],"19":[16,0],"20":[16,0],"21":[16,0],"22":[16,0],"23":[16,0],"24":[15,1],"25":[3,0],"26":[3,0],"27":[3,0],"28":[3,0],"29":[3,0],"30":[2,0],"31":[2,0],"32":[2,0],"33":[2,0],"34":[2,0],"35":[18,1],"36":[4,1],"37":[51,1]},"f":{"1":1,"2":11,"3":10,"4":16,"5":3,"6":2,"7":21,"8":53,"9":19,"10":5,"11":52},"fnMap":{"1":{"name":"constructor","line":20,"loc":{"start":{"line":20,"column":1},"end":{"line":22,"column":2}}},"2":{"name":"anyERC1155ForERC20","line":24,"loc":{"start":{"line":24,"column":1},"end":{"line":52,"column":1}}},"3":{"name":"anyERC20ForERC1155","line":54,"loc":{"start":{"line":54,"column":1},"end":{"line":82,"column":1}}},"4":{"name":"anyERC20ForERC20","line":84,"loc":{"start":{"line":84,"column":1},"end":{"line":112,"column":1}}},"5":{"name":"ERC721ForERC20","line":114,"loc":{"start":{"line":114,"column":1},"end":{"line":134,"column":1}}},"6":{"name":"ERC20ForERC721","line":136,"loc":{"start":{"line":136,"column":1},"end":{"line":156,"column":1}}},"7":{"name":"getERC1155AmountFromCalldata","line":158,"loc":{"start":{"line":158,"column":1},"end":{"line":165,"column":1}}},"8":{"name":"getERC20AmountFromCalldata","line":167,"loc":{"start":{"line":167,"column":1},"end":{"line":174,"column":1}}},"9":{"name":"checkERC1155Side","line":176,"loc":{"start":{"line":176,"column":1},"end":{"line":181,"column":1}}},"10":{"name":"checkERC721Side","line":183,"loc":{"start":{"line":183,"column":1},"end":{"line":188,"column":1}}},"11":{"name":"checkERC20Side","line":190,"loc":{"start":{"line":190,"column":1},"end":{"line":195,"column":1}}}},"statementMap":{"1":{"start":{"line":31,"column":2},"end":{"line":31,"column":65}},"2":{"start":{"line":32,"column":2},"end":{"line":32,"column":110}},"3":{"start":{"line":34,"column":2},"end":{"line":34,"column":130}},"4":{"start":{"line":36,"column":2},"end":{"line":36,"column":104}},"5":{"start":{"line":37,"column":2},"end":{"line":37,"column":106}},"6":{"start":{"line":38,"column":2},"end":{"line":38,"column":112}},"7":{"start":{"line":39,"column":2},"end":{"line":39,"column":118}},"8":{"start":{"line":41,"column":2},"end":{"line":41,"column":1323}},"9":{"start":{"line":45,"column":2},"end":{"line":45,"column":59}},"10":{"start":{"line":46,"column":2},"end":{"line":46,"column":82}},"11":{"start":{"line":47,"column":2},"end":{"line":47,"column":176}},"12":{"start":{"line":48,"column":2},"end":{"line":48,"column":99}},"13":{"start":{"line":49,"column":2},"end":{"line":49,"column":70}},"14":{"start":{"line":51,"column":2},"end":{"line":51,"column":17}},"15":{"start":{"line":61,"column":2},"end":{"line":61,"column":65}},"16":{"start":{"line":62,"column":2},"end":{"line":62,"column":110}},"17":{"start":{"line":64,"column":2},"end":{"line":64,"column":130}},"18":{"start":{"line":66,"column":2},"end":{"line":66,"column":104}},"19":{"start":{"line":67,"column":2},"end":{"line":67,"column":106}},"20":{"start":{"line":68,"column":2},"end":{"line":68,"column":111}},"21":{"start":{"line":69,"column":2},"end":{"line":69,"column":119}},"22":{"start":{"line":71,"column":2},"end":{"line":71,"column":2977}},"23":{"start":{"line":75,"column":2},"end":{"line":75,"column":59}},"24":{"start":{"line":76,"column":2},"end":{"line":76,"column":82}},"25":{"start":{"line":77,"column":2},"end":{"line":77,"column":176}},"26":{"start":{"line":78,"column":2},"end":{"line":78,"column":106}},"27":{"start":{"line":79,"column":2},"end":{"line":79,"column":63}},"28":{"start":{"line":81,"column":2},"end":{"line":81,"column":17}},"29":{"start":{"line":91,"column":2},"end":{"line":91,"column":63}},"30":{"start":{"line":92,"column":2},"end":{"line":92,"column":108}},"31":{"start":{"line":94,"column":2},"end":{"line":94,"column":120}},"32":{"start":{"line":96,"column":2},"end":{"line":96,"column":92}},"33":{"start":{"line":97,"column":2},"end":{"line":97,"column":94}},"34":{"start":{"line":98,"column":2},"end":{"line":98,"column":110}},"35":{"start":{"line":99,"column":2},"end":{"line":99,"column":116}},"36":{"start":{"line":101,"column":2},"end":{"line":101,"column":4589}},"37":{"start":{"line":105,"column":2},"end":{"line":105,"column":59}},"38":{"start":{"line":106,"column":2},"end":{"line":106,"column":80}},"39":{"start":{"line":107,"column":2},"end":{"line":107,"column":152}},"40":{"start":{"line":108,"column":2},"end":{"line":108,"column":63}},"41":{"start":{"line":109,"column":2},"end":{"line":109,"column":70}},"42":{"start":{"line":111,"column":2},"end":{"line":111,"column":17}},"43":{"start":{"line":121,"column":2},"end":{"line":121,"column":61}},"44":{"start":{"line":122,"column":2},"end":{"line":122,"column":106}},"45":{"start":{"line":124,"column":2},"end":{"line":124,"column":115}},"46":{"start":{"line":126,"column":2},"end":{"line":126,"column":88}},"47":{"start":{"line":127,"column":2},"end":{"line":127,"column":108}},"48":{"start":{"line":128,"column":2},"end":{"line":128,"column":114}},"49":{"start":{"line":130,"column":2},"end":{"line":130,"column":67}},"50":{"start":{"line":131,"column":2},"end":{"line":131,"column":73}},"51":{"start":{"line":133,"column":2},"end":{"line":133,"column":10}},"52":{"start":{"line":143,"column":2},"end":{"line":143,"column":61}},"53":{"start":{"line":144,"column":2},"end":{"line":144,"column":106}},"54":{"start":{"line":146,"column":2},"end":{"line":146,"column":115}},"55":{"start":{"line":148,"column":2},"end":{"line":148,"column":88}},"56":{"start":{"line":149,"column":2},"end":{"line":149,"column":108}},"57":{"start":{"line":150,"column":2},"end":{"line":150,"column":114}},"58":{"start":{"line":152,"column":2},"end":{"line":152,"column":74}},"59":{"start":{"line":153,"column":2},"end":{"line":153,"column":66}},"60":{"start":{"line":155,"column":2},"end":{"line":155,"column":10}},"61":{"start":{"line":163,"column":2},"end":{"line":163,"column":77}},"62":{"start":{"line":164,"column":2},"end":{"line":164,"column":15}},"63":{"start":{"line":172,"column":2},"end":{"line":172,"column":76}},"64":{"start":{"line":173,"column":2},"end":{"line":173,"column":15}},"65":{"start":{"line":180,"column":2},"end":{"line":180,"column":149}},"66":{"start":{"line":187,"column":2},"end":{"line":187,"column":119}},"67":{"start":{"line":194,"column":2},"end":{"line":194,"column":118}}},"branchMap":{"1":{"line":31,"type":"if","locations":[{"start":{"line":31,"column":2},"end":{"line":31,"column":2}},{"start":{"line":31,"column":2},"end":{"line":31,"column":2}}]},"2":{"line":32,"type":"if","locations":[{"start":{"line":32,"column":2},"end":{"line":32,"column":2}},{"start":{"line":32,"column":2},"end":{"line":32,"column":2}}]},"3":{"line":36,"type":"if","locations":[{"start":{"line":36,"column":2},"end":{"line":36,"column":2}},{"start":{"line":36,"column":2},"end":{"line":36,"column":2}}]},"4":{"line":37,"type":"if","locations":[{"start":{"line":37,"column":2},"end":{"line":37,"column":2}},{"start":{"line":37,"column":2},"end":{"line":37,"column":2}}]},"5":{"line":38,"type":"if","locations":[{"start":{"line":38,"column":2},"end":{"line":38,"column":2}},{"start":{"line":38,"column":2},"end":{"line":38,"column":2}}]},"6":{"line":39,"type":"if","locations":[{"start":{"line":39,"column":2},"end":{"line":39,"column":2}},{"start":{"line":39,"column":2},"end":{"line":39,"column":2}}]},"7":{"line":46,"type":"if","locations":[{"start":{"line":46,"column":2},"end":{"line":46,"column":2}},{"start":{"line":46,"column":2},"end":{"line":46,"column":2}}]},"8":{"line":47,"type":"if","locations":[{"start":{"line":47,"column":2},"end":{"line":47,"column":2}},{"start":{"line":47,"column":2},"end":{"line":47,"column":2}}]},"9":{"line":61,"type":"if","locations":[{"start":{"line":61,"column":2},"end":{"line":61,"column":2}},{"start":{"line":61,"column":2},"end":{"line":61,"column":2}}]},"10":{"line":62,"type":"if","locations":[{"start":{"line":62,"column":2},"end":{"line":62,"column":2}},{"start":{"line":62,"column":2},"end":{"line":62,"column":2}}]},"11":{"line":66,"type":"if","locations":[{"start":{"line":66,"column":2},"end":{"line":66,"column":2}},{"start":{"line":66,"column":2},"end":{"line":66,"column":2}}]},"12":{"line":67,"type":"if","locations":[{"start":{"line":67,"column":2},"end":{"line":67,"column":2}},{"start":{"line":67,"column":2},"end":{"line":67,"column":2}}]},"13":{"line":68,"type":"if","locations":[{"start":{"line":68,"column":2},"end":{"line":68,"column":2}},{"start":{"line":68,"column":2},"end":{"line":68,"column":2}}]},"14":{"line":69,"type":"if","locations":[{"start":{"line":69,"column":2},"end":{"line":69,"column":2}},{"start":{"line":69,"column":2},"end":{"line":69,"column":2}}]},"15":{"line":76,"type":"if","locations":[{"start":{"line":76,"column":2},"end":{"line":76,"column":2}},{"start":{"line":76,"column":2},"end":{"line":76,"column":2}}]},"16":{"line":77,"type":"if","locations":[{"start":{"line":77,"column":2},"end":{"line":77,"column":2}},{"start":{"line":77,"column":2},"end":{"line":77,"column":2}}]},"17":{"line":91,"type":"if","locations":[{"start":{"line":91,"column":2},"end":{"line":91,"column":2}},{"start":{"line":91,"column":2},"end":{"line":91,"column":2}}]},"18":{"line":92,"type":"if","locations":[{"start":{"line":92,"column":2},"end":{"line":92,"column":2}},{"start":{"line":92,"column":2},"end":{"line":92,"column":2}}]},"19":{"line":96,"type":"if","locations":[{"start":{"line":96,"column":2},"end":{"line":96,"column":2}},{"start":{"line":96,"column":2},"end":{"line":96,"column":2}}]},"20":{"line":97,"type":"if","locations":[{"start":{"line":97,"column":2},"end":{"line":97,"column":2}},{"start":{"line":97,"column":2},"end":{"line":97,"column":2}}]},"21":{"line":98,"type":"if","locations":[{"start":{"line":98,"column":2},"end":{"line":98,"column":2}},{"start":{"line":98,"column":2},"end":{"line":98,"column":2}}]},"22":{"line":99,"type":"if","locations":[{"start":{"line":99,"column":2},"end":{"line":99,"column":2}},{"start":{"line":99,"column":2},"end":{"line":99,"column":2}}]},"23":{"line":106,"type":"if","locations":[{"start":{"line":106,"column":2},"end":{"line":106,"column":2}},{"start":{"line":106,"column":2},"end":{"line":106,"column":2}}]},"24":{"line":107,"type":"if","locations":[{"start":{"line":107,"column":2},"end":{"line":107,"column":2}},{"start":{"line":107,"column":2},"end":{"line":107,"column":2}}]},"25":{"line":121,"type":"if","locations":[{"start":{"line":121,"column":2},"end":{"line":121,"column":2}},{"start":{"line":121,"column":2},"end":{"line":121,"column":2}}]},"26":{"line":122,"type":"if","locations":[{"start":{"line":122,"column":2},"end":{"line":122,"column":2}},{"start":{"line":122,"column":2},"end":{"line":122,"column":2}}]},"27":{"line":126,"type":"if","locations":[{"start":{"line":126,"column":2},"end":{"line":126,"column":2}},{"start":{"line":126,"column":2},"end":{"line":126,"column":2}}]},"28":{"line":127,"type":"if","locations":[{"start":{"line":127,"column":2},"end":{"line":127,"column":2}},{"start":{"line":127,"column":2},"end":{"line":127,"column":2}}]},"29":{"line":128,"type":"if","locations":[{"start":{"line":128,"column":2},"end":{"line":128,"column":2}},{"start":{"line":128,"column":2},"end":{"line":128,"column":2}}]},"30":{"line":143,"type":"if","locations":[{"start":{"line":143,"column":2},"end":{"line":143,"column":2}},{"start":{"line":143,"column":2},"end":{"line":143,"column":2}}]},"31":{"line":144,"type":"if","locations":[{"start":{"line":144,"column":2},"end":{"line":144,"column":2}},{"start":{"line":144,"column":2},"end":{"line":144,"column":2}}]},"32":{"line":148,"type":"if","locations":[{"start":{"line":148,"column":2},"end":{"line":148,"column":2}},{"start":{"line":148,"column":2},"end":{"line":148,"column":2}}]},"33":{"line":149,"type":"if","locations":[{"start":{"line":149,"column":2},"end":{"line":149,"column":2}},{"start":{"line":149,"column":2},"end":{"line":149,"column":2}}]},"34":{"line":150,"type":"if","locations":[{"start":{"line":150,"column":2},"end":{"line":150,"column":2}},{"start":{"line":150,"column":2},"end":{"line":150,"column":2}}]},"35":{"line":180,"type":"if","locations":[{"start":{"line":180,"column":2},"end":{"line":180,"column":2}},{"start":{"line":180,"column":2},"end":{"line":180,"column":2}}]},"36":{"line":187,"type":"if","locations":[{"start":{"line":187,"column":2},"end":{"line":187,"column":2}},{"start":{"line":187,"column":2},"end":{"line":187,"column":2}}]},"37":{"line":194,"type":"if","locations":[{"start":{"line":194,"column":2},"end":{"line":194,"column":2}},{"start":{"line":194,"column":2},"end":{"line":194,"column":2}}]}}},"contracts/TestERC1155.sol":{"l":{"19":4,"20":4,"24":17,"25":17},"path":"/Users/idee/Documents/code/wyvern-v3/contracts/TestERC1155.sol","s":{"1":4,"2":4,"3":17,"4":17},"b":{},"f":{"1":17,"2":4,"3":17},"fnMap":{"1":{"name":"constructor","line":15,"loc":{"start":{"line":15,"column":1},"end":{"line":16,"column":1}}},"2":{"name":"mint","line":18,"loc":{"start":{"line":18,"column":1},"end":{"line":21,"column":1}}},"3":{"name":"mint","line":23,"loc":{"start":{"line":23,"column":1},"end":{"line":26,"column":1}}}},"statementMap":{"1":{"start":{"line":19,"column":2},"end":{"line":19,"column":26}},"2":{"start":{"line":20,"column":2},"end":{"line":20,"column":13}},"3":{"start":{"line":24,"column":2},"end":{"line":24,"column":31}},"4":{"start":{"line":25,"column":2},"end":{"line":25,"column":13}}},"branchMap":{}},"contracts/TestERC1271.sol":{"l":{"25":2,"43":2,"44":2,"45":1,"47":1},"path":"/Users/idee/Documents/code/wyvern-v3/contracts/TestERC1271.sol","s":{"1":2,"2":2,"3":1,"4":1},"b":{"1":[1,1]},"f":{"1":2,"2":2},"fnMap":{"1":{"name":"setOwner","line":22,"loc":{"start":{"line":22,"column":4},"end":{"line":26,"column":4}}},"2":{"name":"isValidSignature","line":35,"loc":{"start":{"line":35,"column":4},"end":{"line":49,"column":4}}}},"statementMap":{"1":{"start":{"line":43,"column":8},"end":{"line":43,"column":91}},"2":{"start":{"line":44,"column":8},"end":{"line":44,"column":940}},"3":{"start":{"line":45,"column":12},"end":{"line":45,"column":29}},"4":{"start":{"line":47,"column":12},"end":{"line":47,"column":29}}},"branchMap":{"1":{"line":44,"type":"if","locations":[{"start":{"line":44,"column":8},"end":{"line":44,"column":8}},{"start":{"line":44,"column":8},"end":{"line":44,"column":8}}]}}},"contracts/TestSmartContractWallet.sol":{"l":{"32":1,"33":1,"34":1,"40":1,"41":1,"47":2,"48":2,"54":1,"55":1},"path":"/Users/idee/Documents/code/wyvern-v3/contracts/TestSmartContractWallet.sol","s":{"1":1,"2":1,"3":2,"4":2,"5":1,"6":1},"b":{},"f":{"1":0,"2":0,"3":1,"4":1,"5":2,"6":1},"fnMap":{"1":{"name":"approveOrder_","line":10,"loc":{"start":{"line":10,"column":4},"end":{"line":11,"column":13}}},"2":{"name":"registerProxy","line":14,"loc":{"start":{"line":14,"column":4},"end":{"line":15,"column":13}}},"3":{"name":"constructor","line":26,"loc":{"start":{"line":26,"column":4},"end":{"line":27,"column":4}}},"4":{"name":"approveOrder_","line":38,"loc":{"start":{"line":38,"column":4},"end":{"line":42,"column":4}}},"5":{"name":"registerProxy","line":45,"loc":{"start":{"line":45,"column":4},"end":{"line":49,"column":4}}},"6":{"name":"setApprovalForAll","line":52,"loc":{"start":{"line":52,"column":4},"end":{"line":56,"column":4}}}},"statementMap":{"1":{"start":{"line":40,"column":8},"end":{"line":40,"column":187}},"2":{"start":{"line":41,"column":8},"end":{"line":41,"column":19}},"3":{"start":{"line":47,"column":8},"end":{"line":47,"column":47}},"4":{"start":{"line":48,"column":8},"end":{"line":48,"column":19}},"5":{"start":{"line":54,"column":8},"end":{"line":54,"column":59}},"6":{"start":{"line":55,"column":8},"end":{"line":55,"column":19}}},"branchMap":{}},"contracts/WyvernExchange.sol":{"l":{"24":5,"30":5,"31":5,"33":5,"34":1},"path":"/Users/idee/Documents/code/wyvern-v3/contracts/WyvernExchange.sol","s":{"1":5,"2":5},"b":{"1":[1,4]},"f":{"1":5},"fnMap":{"1":{"name":"constructor","line":23,"loc":{"start":{"line":23,"column":4},"end":{"line":36,"column":4}}}},"statementMap":{"1":{"start":{"line":30,"column":8},"end":{"line":30,"column":709}},"2":{"start":{"line":33,"column":8},"end":{"line":33,"column":832}}},"branchMap":{"1":{"line":33,"type":"if","locations":[{"start":{"line":33,"column":8},"end":{"line":33,"column":8}},{"start":{"line":33,"column":8},"end":{"line":33,"column":8}}]}}},"contracts/WyvernRegistry.sol":{"l":{"26":7,"27":7,"28":7,"29":7,"42":7,"43":6,"44":6},"path":"/Users/idee/Documents/code/wyvern-v3/contracts/WyvernRegistry.sol","s":{"1":7,"2":7,"3":7,"4":7},"b":{"1":[7,0],"2":[6,1]},"f":{"1":7,"2":7},"fnMap":{"1":{"name":"constructor","line":23,"loc":{"start":{"line":23,"column":4},"end":{"line":30,"column":4}}},"2":{"name":"grantInitialAuthentication","line":39,"loc":{"start":{"line":38,"column":4},"end":{"line":45,"column":4}}}},"statementMap":{"1":{"start":{"line":26,"column":8},"end":{"line":26,"column":58}},"2":{"start":{"line":27,"column":8},"end":{"line":27,"column":43}},"3":{"start":{"line":28,"column":8},"end":{"line":28,"column":27}},"4":{"start":{"line":42,"column":8},"end":{"line":42,"column":96}}},"branchMap":{"1":{"line":39,"type":"if","locations":[{"start":{"line":39,"column":8},"end":{"line":39,"column":8}},{"start":{"line":39,"column":8},"end":{"line":39,"column":8}}]},"2":{"line":42,"type":"if","locations":[{"start":{"line":42,"column":8},"end":{"line":42,"column":8}},{"start":{"line":42,"column":8},"end":{"line":42,"column":8}}]}}},"contracts/WyvernStatic.sol":{"l":{"25":4},"path":"/Users/idee/Documents/code/wyvern-v3/contracts/WyvernStatic.sol","s":{},"b":{},"f":{"1":4,"2":26},"fnMap":{"1":{"name":"constructor","line":22,"loc":{"start":{"line":22,"column":4},"end":{"line":26,"column":4}}},"2":{"name":"test","line":28,"loc":{"start":{"line":28,"column":4},"end":{"line":32,"column":4}}}},"statementMap":{},"branchMap":{}}}