TN:
SF:/Users/idee/Documents/code/wyvern-v3/contracts/exchange/Exchange.sol
FN:19,hashOrder_
FN:27,hashToSign_
FN:35,validateOrderParameters_
FN:44,validateOrderAuthorization_
FN:52,approveOrderHash_
FN:58,approveOrder_
FN:64,setOrderFill_
FN:70,atomicMatch_
FNF:8
FNH:8
FNDA:2,hashOrder_
FNDA:1,hashToSign_
FNDA:5,validateOrderParameters_
FNDA:8,validateOrderAuthorization_
FNDA:1,approveOrderHash_
FNDA:8,approveOrder_
FNDA:7,setOrderFill_
FNDA:69,atomicMatch_
DA:24,2
DA:32,1
DA:40,5
DA:41,5
DA:49,8
DA:55,1
DA:61,8
DA:67,7
DA:76,69
LF:9
LH:9
BRF:0
BRH:0
end_of_record
TN:
SF:/Users/idee/Documents/code/wyvern-v3/contracts/exchange/ExchangeCore.sol
FN:89,hashOrder
FN:109,hashToSign
FN:122,exists
FN:134,validateOrderParameters
FN:157,validateOrderAuthorization
FN:209,encodeStaticCall
FN:221,executeStaticCall
FN:229,executeCall
FN:255,approveOrderHash
FN:269,approveOrder
FN:287,setOrderFill
FN:306,atomicMatch
FNF:12
FNH:12
FNDA:145,hashOrder
FNDA:89,hashToSign
FNDA:320,exists
FNDA:136,validateOrderParameters
FNDA:127,validateOrderAuthorization
FNDA:90,encodeStaticCall
FNDA:90,executeStaticCall
FNDA:106,executeCall
FNDA:8,approveOrderHash
FNDA:8,approveOrder
FNDA:7,setOrderFill
FNDA:68,atomicMatch
DA:95,145
DA:115,89
DA:127,320
DA:128,320
DA:131,320
DA:140,136
DA:141,2
DA:145,134
DA:146,7
DA:150,127
DA:151,1
DA:154,126
DA:163,127
DA:164,8
DA:170,119
DA:171,30
DA:175,89
DA:176,1
DA:180,88
DA:183,88
DA:186,88
DA:187,2
DA:188,1
DA:190,1
DA:194,86
DA:196,86
DA:198,4
DA:199,3
DA:204,76
DA:206,7
DA:215,90
DA:216,90
DA:217,90
DA:218,90
DA:226,90
DA:234,106
DA:237,105
DA:240,104
DA:243,104
DA:246,104
DA:249,104
DA:252,104
DA:261,8
DA:266,7
DA:275,8
DA:278,7
DA:281,7
DA:284,6
DA:293,7
DA:298,6
DA:301,6
DA:311,68
DA:314,68
DA:317,63
DA:320,63
DA:323,62
DA:325,61
DA:327,61
DA:330,61
DA:333,58
DA:340,55
DA:342,2
DA:343,2
DA:348,55
DA:351,51
DA:356,46
DA:359,46
DA:362,46
DA:365,44
DA:370,40
DA:371,29
DA:372,28
DA:377,40
DA:378,30
DA:379,29
DA:386,40
LF:76
LH:76
BRDA:140,1,0,2
BRDA:140,1,1,134
BRDA:140,2,0,1
BRDA:140,2,1,1
BRDA:145,3,0,7
BRDA:145,3,1,127
BRDA:150,4,0,1
BRDA:150,4,1,126
BRDA:163,5,0,8
BRDA:163,5,1,119
BRDA:170,6,0,30
BRDA:170,6,1,89
BRDA:175,7,0,1
BRDA:175,7,1,88
BRDA:186,8,0,2
BRDA:186,8,1,86
BRDA:187,9,0,1
BRDA:187,9,1,1
BRDA:196,10,0,4
BRDA:196,10,1,82
BRDA:198,11,0,3
BRDA:198,11,1,1
BRDA:203,12,0,76
BRDA:203,12,1,6
BRDA:234,13,0,105
BRDA:234,13,1,1
BRDA:237,14,0,104
BRDA:237,14,1,1
BRDA:243,15,0,104
BRDA:243,15,1,0
BRDA:246,16,0,104
BRDA:246,16,1,0
BRDA:261,17,0,7
BRDA:261,17,1,1
BRDA:275,18,0,7
BRDA:275,18,1,1
BRDA:293,19,0,6
BRDA:293,19,1,1
BRDA:306,20,0,68
BRDA:306,20,1,1
BRDA:314,21,0,63
BRDA:314,21,1,5
BRDA:320,22,0,62
BRDA:320,22,1,1
BRDA:323,23,0,61
BRDA:323,23,1,1
BRDA:330,24,0,58
BRDA:330,24,1,3
BRDA:333,25,0,55
BRDA:333,25,1,3
BRDA:340,26,0,2
BRDA:340,26,1,53
BRDA:343,27,0,2
BRDA:343,27,1,0
BRDA:348,28,0,51
BRDA:348,28,1,4
BRDA:351,29,0,46
BRDA:351,29,1,5
BRDA:370,30,0,29
BRDA:370,30,1,11
BRDA:371,31,0,28
BRDA:371,31,1,1
BRDA:377,32,0,30
BRDA:377,32,1,10
BRDA:378,33,0,29
BRDA:378,33,1,1
BRF:66
BRH:63
end_of_record
TN:
SF:/Users/idee/Documents/code/wyvern-v3/contracts/lib/EIP1271.sol
FNF:0
FNH:0
LF:0
LH:0
BRF:0
BRH:0
end_of_record
TN:
SF:/Users/idee/Documents/code/wyvern-v3/contracts/lib/EIP712.sol
FN:28,hash
FNF:1
FNH:1
FNDA:5,hash
DA:33,5
LF:1
LH:1
BRF:0
BRH:0
end_of_record
TN:
SF:/Users/idee/Documents/code/wyvern-v3/contracts/lib/ReentrancyGuarded.sol
FN:18,reentrancyGuard
FNF:1
FNH:1
FNDA:69,reentrancyGuard
DA:19,69
DA:20,68
DA:21,68
DA:22,40
LF:4
LH:4
BRDA:19,1,0,68
BRDA:19,1,1,1
BRF:2
BRH:2
end_of_record
TN:
SF:/Users/idee/Documents/code/wyvern-v3/contracts/lib/StaticCaller.sol
FN:15,staticCall
FN:26,staticCallUint
FNF:2
FNH:2
FNDA:26,staticCall
FNDA:90,staticCallUint
DA:20,26
DA:23,26
DA:31,90
DA:32,90
DA:38,90
DA:39,84
LF:6
LH:6
BRDA:38,1,0,84
BRDA:38,1,1,6
BRF:2
BRH:2
end_of_record
TN:
SF:/Users/idee/Documents/code/wyvern-v3/contracts/Migrations.sol
FN:16,restricted
FN:22,constructor
FN:26,setCompleted
FN:30,upgrade
FNF:4
FNH:0
FNDA:0,restricted
FNDA:0,constructor
FNDA:0,setCompleted
FNDA:0,upgrade
DA:17,0
DA:18,0
DA:23,0
DA:27,0
DA:31,0
DA:32,0
LF:6
LH:0
BRDA:17,1,0,0
BRDA:17,1,1,0
BRDA:26,2,0,0
BRDA:26,2,1,0
BRDA:30,3,0,0
BRDA:30,3,1,0
BRF:6
BRH:0
end_of_record
TN:
SF:/Users/idee/Documents/code/wyvern-v3/contracts/registry/AuthenticatedProxy.sol
FN:43,initialize
FN:58,setRevoke
FN:75,proxy
FN:97,proxyAssert
FNF:4
FNH:4
FNDA:113,initialize
FNDA:10,setRevoke
FNDA:106,proxy
FNDA:2,proxyAssert
DA:46,113
DA:47,112
DA:48,112
DA:49,112
DA:61,10
DA:62,9
DA:63,9
DA:79,106
DA:80,105
DA:81,105
DA:82,89
DA:84,16
DA:86,105
DA:100,2
LF:14
LH:14
BRDA:46,1,0,112
BRDA:46,1,1,1
BRDA:61,2,0,9
BRDA:61,2,1,1
BRDA:79,3,0,105
BRDA:79,3,1,1
BRDA:79,4,0,1
BRDA:79,4,1,104
BRDA:81,5,0,89
BRDA:81,5,1,16
BRDA:83,6,0,16
BRDA:83,6,1,0
BRDA:100,7,0,1
BRDA:100,7,1,1
BRF:14
BRH:13
end_of_record
TN:
SF:/Users/idee/Documents/code/wyvern-v3/contracts/registry/OwnableDelegateProxy.sol
FN:17,constructor
FNF:1
FNH:1
FNDA:105,constructor
DA:20,105
DA:21,105
DA:22,105
DA:23,105
LF:4
LH:4
BRDA:23,1,0,105
BRDA:23,1,1,0
BRF:2
BRH:1
end_of_record
TN:
SF:/Users/idee/Documents/code/wyvern-v3/contracts/registry/proxy/OwnedUpgradeabilityProxy.sol
FN:28,implementation
FN:36,proxyType
FN:44,_upgradeTo
FN:53,onlyProxyOwner
FN:62,proxyOwner
FN:70,transferProxyOwnership
FN:80,upgradeTo
FN:91,upgradeToAndCall
FNF:8
FNH:7
FNDA:220,implementation
FNDA:1,proxyType
FNDA:108,_upgradeTo
FNDA:6,onlyProxyOwner
FNDA:8,proxyOwner
FNDA:2,transferProxyOwnership
FNDA:3,upgradeTo
FNDA:0,upgradeToAndCall
DA:29,220
DA:37,1
DA:45,108
DA:46,107
DA:47,107
DA:54,6
DA:55,5
DA:63,8
DA:71,2
DA:72,2
DA:73,2
DA:81,3
DA:92,0
DA:93,0
DA:94,0
LF:15
LH:12
BRDA:45,1,0,107
BRDA:45,1,1,1
BRDA:54,2,0,5
BRDA:54,2,1,1
BRDA:70,3,0,2
BRDA:70,3,1,0
BRDA:71,4,0,2
BRDA:71,4,1,0
BRDA:80,5,0,3
BRDA:80,5,1,1
BRDA:91,6,0,0
BRDA:91,6,1,0
BRDA:94,7,0,0
BRDA:94,7,1,0
BRF:14
BRH:8
end_of_record
TN:
SF:/Users/idee/Documents/code/wyvern-v3/contracts/registry/proxy/OwnedUpgradeabilityStorage.sol
FN:19,upgradeabilityOwner
FN:26,setUpgradeabilityOwner
FNF:2
FNH:2
FNDA:8,upgradeabilityOwner
FNDA:107,setUpgradeabilityOwner
DA:20,8
DA:27,107
LF:2
LH:2
BRF:0
BRH:0
end_of_record
TN:
SF:/Users/idee/Documents/code/wyvern-v3/contracts/registry/proxy/Proxy.sol
FN:24,
FNF:1
FNH:1
FNDA:116,
DA:25,116
DA:26,116
DA:28,116
LF:3
LH:3
BRDA:26,1,0,116
BRDA:26,1,1,0
BRF:2
BRH:1
end_of_record
TN:
SF:/Users/idee/Documents/code/wyvern-v3/contracts/registry/ProxyRegistry.sol
FN:49,startGrantAuthentication
FN:63,endGrantAuthentication
FN:78,revokeAuthentication
FN:89,registerProxy
FN:102,registerProxyOverride
FN:117,registerProxyFor
FN:130,transferAccessTo
FNF:7
FNH:7
FNDA:4,startGrantAuthentication
FNDA:3,endGrantAuthentication
FNDA:1,revokeAuthentication
FNDA:100,registerProxy
FNDA:1,registerProxyOverride
FNDA:105,registerProxyFor
FNDA:2,transferAccessTo
DA:51,4
DA:52,3
DA:65,3
DA:66,1
DA:67,1
DA:80,1
DA:93,100
DA:106,1
DA:107,1
DA:108,1
DA:121,105
DA:122,104
DA:123,104
DA:124,104
DA:133,2
DA:136,2
DA:137,1
DA:140,1
DA:141,1
LF:19
LH:19
BRDA:49,1,0,4
BRDA:49,1,1,0
BRDA:51,2,0,3
BRDA:51,2,1,1
BRDA:63,3,0,3
BRDA:63,3,1,0
BRDA:65,4,0,1
BRDA:65,4,1,2
BRDA:78,5,0,1
BRDA:78,5,1,0
BRDA:121,6,0,104
BRDA:121,6,1,1
BRDA:136,7,0,1
BRDA:136,7,1,1
BRDA:137,8,0,1
BRDA:137,8,1,0
BRF:16
BRH:12
end_of_record
TN:
SF:/Users/idee/Documents/code/wyvern-v3/contracts/registry/ProxyRegistryInterface.sol
FNF:0
FNH:0
LF:0
LH:0
BRF:0
BRH:0
end_of_record
TN:
SF:/Users/idee/Documents/code/wyvern-v3/contracts/registry/TokenRecipient.sol
FN:26,receiveApproval
FN:35,
FNF:2
FNH:1
FNDA:2,receiveApproval
FNDA:0,
DA:27,2
DA:28,2
DA:29,1
DA:36,0
LF:4
LH:3
BRDA:28,1,0,1
BRDA:28,1,1,1
BRF:2
BRH:2
end_of_record
TN:
SF:/Users/idee/Documents/code/wyvern-v3/contracts/StaticMarket.sol
FN:20,constructor
FN:24,anyERC1155ForERC20
FN:54,anyERC20ForERC1155
FN:84,anyERC20ForERC20
FN:114,ERC721ForERC20
FN:136,ERC20ForERC721
FN:158,getERC1155AmountFromCalldata
FN:167,getERC20AmountFromCalldata
FN:176,checkERC1155Side
FN:183,checkERC721Side
FN:190,checkERC20Side
FNF:11
FNH:11
FNDA:1,constructor
FNDA:11,anyERC1155ForERC20
FNDA:10,anyERC20ForERC1155
FNDA:16,anyERC20ForERC20
FNDA:3,ERC721ForERC20
FNDA:2,ERC20ForERC721
FNDA:21,getERC1155AmountFromCalldata
FNDA:53,getERC20AmountFromCalldata
FNDA:19,checkERC1155Side
FNDA:5,checkERC721Side
FNDA:52,checkERC20Side
DA:31,11
DA:32,11
DA:34,11
DA:36,11
DA:37,11
DA:38,11
DA:39,11
DA:41,11
DA:45,11
DA:46,11
DA:47,11
DA:48,10
DA:49,10
DA:51,10
DA:61,10
DA:62,10
DA:64,10
DA:66,10
DA:67,10
DA:68,10
DA:69,10
DA:71,10
DA:75,10
DA:76,10
DA:77,10
DA:78,9
DA:79,8
DA:81,8
DA:91,16
DA:92,16
DA:94,16
DA:96,16
DA:97,16
DA:98,16
DA:99,16
DA:101,16
DA:105,16
DA:106,16
DA:107,16
DA:108,15
DA:109,15
DA:111,15
DA:121,3
DA:122,3
DA:124,3
DA:126,3
DA:127,3
DA:128,3
DA:130,3
DA:131,3
DA:133,2
DA:143,2
DA:144,2
DA:146,2
DA:148,2
DA:149,2
DA:150,2
DA:152,2
DA:153,1
DA:155,1
DA:163,21
DA:164,21
DA:172,53
DA:173,53
DA:180,19
DA:187,5
DA:194,52
LF:67
LH:67
BRDA:31,1,0,11
BRDA:31,1,1,0
BRDA:32,2,0,11
BRDA:32,2,1,0
BRDA:36,3,0,11
BRDA:36,3,1,0
BRDA:37,4,0,11
BRDA:37,4,1,0
BRDA:38,5,0,11
BRDA:38,5,1,0
BRDA:39,6,0,11
BRDA:39,6,1,0
BRDA:46,7,0,11
BRDA:46,7,1,0
BRDA:47,8,0,10
BRDA:47,8,1,1
BRDA:61,9,0,10
BRDA:61,9,1,0
BRDA:62,10,0,10
BRDA:62,10,1,0
BRDA:66,11,0,10
BRDA:66,11,1,0
BRDA:67,12,0,10
BRDA:67,12,1,0
BRDA:68,13,0,10
BRDA:68,13,1,0
BRDA:69,14,0,10
BRDA:69,14,1,0
BRDA:76,15,0,10
BRDA:76,15,1,0
BRDA:77,16,0,9
BRDA:77,16,1,1
BRDA:91,17,0,16
BRDA:91,17,1,0
BRDA:92,18,0,16
BRDA:92,18,1,0
BRDA:96,19,0,16
BRDA:96,19,1,0
BRDA:97,20,0,16
BRDA:97,20,1,0
BRDA:98,21,0,16
BRDA:98,21,1,0
BRDA:99,22,0,16
BRDA:99,22,1,0
BRDA:106,23,0,16
BRDA:106,23,1,0
BRDA:107,24,0,15
BRDA:107,24,1,1
BRDA:121,25,0,3
BRDA:121,25,1,0
BRDA:122,26,0,3
BRDA:122,26,1,0
BRDA:126,27,0,3
BRDA:126,27,1,0
BRDA:127,28,0,3
BRDA:127,28,1,0
BRDA:128,29,0,3
BRDA:128,29,1,0
BRDA:143,30,0,2
BRDA:143,30,1,0
BRDA:144,31,0,2
BRDA:144,31,1,0
BRDA:148,32,0,2
BRDA:148,32,1,0
BRDA:149,33,0,2
BRDA:149,33,1,0
BRDA:150,34,0,2
BRDA:150,34,1,0
BRDA:180,35,0,18
BRDA:180,35,1,1
BRDA:187,36,0,4
BRDA:187,36,1,1
BRDA:194,37,0,51
BRDA:194,37,1,1
BRF:74
BRH:43
end_of_record
TN:
SF:/Users/idee/Documents/code/wyvern-v3/contracts/TestERC1155.sol
FN:15,constructor
FN:18,mint
FN:23,mint
FNF:3
FNH:3
FNDA:17,constructor
FNDA:4,mint
FNDA:17,mint
DA:19,4
DA:20,4
DA:24,17
DA:25,17
LF:4
LH:4
BRF:0
BRH:0
end_of_record
TN:
SF:/Users/idee/Documents/code/wyvern-v3/contracts/TestERC1271.sol
FN:22,setOwner
FN:35,isValidSignature
FNF:2
FNH:2
FNDA:2,setOwner
FNDA:2,isValidSignature
DA:25,2
DA:43,2
DA:44,2
DA:45,1
DA:47,1
LF:5
LH:5
BRDA:44,1,0,1
BRDA:44,1,1,1
BRF:2
BRH:2
end_of_record
TN:
SF:/Users/idee/Documents/code/wyvern-v3/contracts/TestSmartContractWallet.sol
FN:10,approveOrder_
FN:14,registerProxy
FN:26,constructor
FN:38,approveOrder_
FN:45,registerProxy
FN:52,setApprovalForAll
FNF:6
FNH:4
FNDA:0,approveOrder_
FNDA:0,registerProxy
FNDA:1,constructor
FNDA:1,approveOrder_
FNDA:2,registerProxy
FNDA:1,setApprovalForAll
DA:32,1
DA:33,1
DA:34,1
DA:40,1
DA:41,1
DA:47,2
DA:48,2
DA:54,1
DA:55,1
LF:9
LH:9
BRF:0
BRH:0
end_of_record
TN:
SF:/Users/idee/Documents/code/wyvern-v3/contracts/WyvernExchange.sol
FN:23,constructor
FNF:1
FNH:1
FNDA:5,constructor
DA:24,5
DA:30,5
DA:31,5
DA:33,5
DA:34,1
LF:5
LH:5
BRDA:33,1,0,1
BRDA:33,1,1,4
BRF:2
BRH:2
end_of_record
TN:
SF:/Users/idee/Documents/code/wyvern-v3/contracts/WyvernRegistry.sol
FN:23,constructor
FN:39,grantInitialAuthentication
FNF:2
FNH:2
FNDA:7,constructor
FNDA:7,grantInitialAuthentication
DA:26,7
DA:27,7
DA:28,7
DA:29,7
DA:42,7
DA:43,6
DA:44,6
LF:7
LH:7
BRDA:39,1,0,7
BRDA:39,1,1,0
BRDA:42,2,0,6
BRDA:42,2,1,1
BRF:4
BRH:3
end_of_record
TN:
SF:/Users/idee/Documents/code/wyvern-v3/contracts/WyvernStatic.sol
FN:22,constructor
FN:28,test
FNF:2
FNH:2
FNDA:4,constructor
FNDA:26,test
DA:25,4
LF:1
LH:1
BRF:0
BRH:0
end_of_record
